<?xml version="1.0" encoding="UTF-8"?>
<!-- Generated by org.testng.reporters.JUnitXMLReporter -->
<testsuite ignored="13" hostname="IN-3718NQ3" failures="0" tests="1" name="Surefire test" time="41.623" errors="0" timestamp="2024-11-27T17:12:38 IST">
  <testcase classname="testcase.ODS_test" name="TC_ODS_14" time="15.96"/>
  <testcase classname="testcase.ODS_test" name="TC_ODS_05" time="0.0">
    <ignored/>
  </testcase> <!-- TC_ODS_05 -->
  <testcase classname="testcase.ODS_test" name="TC_ODS_04" time="0.0">
    <ignored/>
  </testcase> <!-- TC_ODS_04 -->
  <testcase classname="testcase.ODS_test" name="TC_ODS_07" time="0.0">
    <ignored/>
  </testcase> <!-- TC_ODS_07 -->
  <testcase classname="testcase.ODS_test" name="TC_ODS_06" time="0.0">
    <ignored/>
  </testcase> <!-- TC_ODS_06 -->
  <testcase classname="testcase.ODS_test" name="TC_ODS_12" time="0.0">
    <ignored/>
  </testcase> <!-- TC_ODS_12 -->
  <testcase classname="testcase.ODS_test" name="TC_ODS_01" time="0.0">
    <ignored/>
  </testcase> <!-- TC_ODS_01 -->
  <testcase classname="testcase.ODS_test" name="TC_ODS_11" time="0.0">
    <ignored/>
  </testcase> <!-- TC_ODS_11 -->
  <testcase classname="testcase.ODS_test" name="TC_ODS_03" time="0.0">
    <ignored/>
  </testcase> <!-- TC_ODS_03 -->
  <testcase classname="testcase.ODS_test" name="TC_ODS_02" time="0.0">
    <ignored/>
  </testcase> <!-- TC_ODS_02 -->
  <testcase classname="testcase.ODS_test" name="TC_ODS_13" time="0.0">
    <ignored/>
  </testcase> <!-- TC_ODS_13 -->
  <testcase classname="testcase.ODS_test" name="TC_ODS_10" time="0.0">
    <ignored/>
  </testcase> <!-- TC_ODS_10 -->
  <testcase classname="testcase.ODS_test" name="TC_ODS_09" time="0.0">
    <ignored/>
  </testcase> <!-- TC_ODS_09 -->
  <testcase classname="testcase.ODS_test" name="TC_ODS_08" time="0.0">
    <ignored/>
  </testcase> <!-- TC_ODS_08 -->
</testsuite> <!-- Surefire test -->
