<?xml version="1.0" encoding="UTF-8"?>
<!-- Generated by org.testng.reporters.JUnitXMLReporter -->
<testsuite ignored="2" hostname="IN-3718NQ3" failures="0" tests="1" name="Default test" time="53.22" errors="0" timestamp="2024-10-16T17:15:47 IST">
  <testcase classname="testcase.Login_Page" name="TC_03" time="4.457"/>
  <testcase classname="testcase.Login_Page" name="TC_02" time="0.0">
    <ignored/>
  </testcase> <!-- TC_02 -->
  <testcase classname="testcase.Login_Page" name="openReports" time="0.0">
    <ignored/>
  </testcase> <!-- openReports -->
</testsuite> <!-- Default test -->
