<?xml version="1.0" encoding="UTF-8"?>
<testng-results ignored="0" total="1" passed="1" failed="0" skipped="0">
  <reporter-output>
  </reporter-output>
  <suite started-at="2024-11-27T17:11:57 IST" name="Surefire suite" finished-at="2024-11-27T17:12:38 IST" duration-ms="41623">
    <groups>
      <group name="smoke">
        <method signature="ODS_test.TC_ODS_14()[pri:0, instance:testcase.ODS_test@358c99f5]" name="TC_ODS_14" class="testcase.ODS_test"/>
      </group> <!-- smoke -->
    </groups>
    <test started-at="2024-11-27T17:11:57 IST" name="Surefire test" finished-at="2024-11-27T17:12:38 IST" duration-ms="41623">
      <class name="testcase.ODS_test">
        <test-method is-config="true" signature="setupClass()[pri:0, instance:testcase.ODS_test@358c99f5]" started-at="2024-11-27T17:11:57 IST" name="setupClass" finished-at="2024-11-27T17:11:57 IST" duration-ms="44" status="PASS">
          <reporter-output>
          </reporter-output>
        </test-method> <!-- setupClass -->
        <test-method is-config="true" signature="setup()[pri:0, instance:testcase.ODS_test@358c99f5]" started-at="2024-11-27T17:11:57 IST" name="setup" finished-at="2024-11-27T17:12:22 IST" duration-ms="24579" status="PASS">
          <reporter-output>
          </reporter-output>
        </test-method> <!-- setup -->
        <test-method signature="TC_ODS_14()[pri:0, instance:testcase.ODS_test@358c99f5]" started-at="2024-11-27T17:12:22 IST" name="TC_ODS_14" description="Verify People Text" finished-at="2024-11-27T17:12:37 IST" duration-ms="15960" status="PASS">
          <reporter-output>
          </reporter-output>
        </test-method> <!-- TC_ODS_14 -->
        <test-method is-config="true" signature="tearDown(org.testng.ITestResult)[pri:0, instance:testcase.ODS_test@358c99f5]" started-at="2024-11-27T17:12:37 IST" name="tearDown" finished-at="2024-11-27T17:12:38 IST" duration-ms="962" status="PASS">
          <params>
            <param index="0">
              <value>
                <![CDATA[[TestResult name=TC_ODS_14 status=SUCCESS method=ODS_test.TC_ODS_14()[pri:0, instance:testcase.ODS_test@358c99f5] output={null}]]]>
              </value>
            </param>
          </params>
          <reporter-output>
          </reporter-output>
        </test-method> <!-- tearDown -->
      </class> <!-- testcase.ODS_test -->
    </test> <!-- Surefire test -->
  </suite> <!-- Surefire suite -->
</testng-results>
